{"level":"error","message":"Failed to activate bots by request: API.activateAll is not a function."}
{"level":"error","message":"Failed to activate bots by request: API.activateAll is not a function."}
{"level":"error","message":"Error while handling request b79e9c38-dd6a-49f2-b651-c22781809e90."}
{"level":"error","message":"Error while handling request aaf692af-15b8-4b73-8d83-2b7f77aa1654."}
{"level":"error","message":"Error while handling request 5c1af87f-02f6-40ce-b662-d5b48946912f."}
{"level":"error","message":"[2] Failed to access get /api/ads/: code undefined (undefined) (read ECONNRESET)."}
{"level":"error","message":"Error while initializing bots: API error."}
{"level":"error","message":"[2] Failed to access get /api/ads/: code 400 (BAD REQUEST) (Request failed with status code 400)."}
{"level":"error","message":"Error while initializing bots: API error."}
{"level":"error","message":"[2] Failed to access get /api/ads/: code 400 (BAD REQUEST) (Request failed with status code 400)."}
{"level":"error","message":"Error while initializing bots: API error."}
{"level":"error","message":"[2] Failed to access get /api/ads/: code 400 (BAD REQUEST) (Request failed with status code 400)."}
{"level":"error","message":"Error while initializing bots: API error."}
{"level":"error","message":"[2] Failed to access get /api/ads/: code 400 (BAD REQUEST) (Request failed with status code 400)."}
{"level":"error","message":"Error while initializing bots: API error."}
{"level":"error","message":"[2] Failed to access get /api/ads/: code 400 (BAD REQUEST) (Request failed with status code 400)."}
{"level":"error","message":"Error while initializing bots: API error."}
{"level":"error","message":"[2] Failed to access get /api/ads/: code 400 (BAD REQUEST) (Request failed with status code 400)."}
{"level":"error","message":"Error while initializing bots: API error."}
{"level":"error","message":"[2] Failed to access get /api/ads/: code undefined (undefined) (read ECONNRESET)."}
{"level":"error","message":"Error while initializing bots: API error."}
{"level":"error","message":"[2] Failed to access get /api/ads/: code undefined (undefined) (read ECONNRESET)."}
{"level":"error","message":"Error while initializing bots: API error."}
{"level":"error","message":"[2] Failed to access get /api/ads/: code 400 (BAD REQUEST) (Request failed with status code 400)."}
{"level":"error","message":"Error while initializing bots: API error."}
{"level":"error","message":"[2] Failed to access get /api/ads/: code 400 (BAD REQUEST) (Request failed with status code 400)."}
{"level":"error","message":"Error while initializing bots: API error."}
{"level":"error","message":"[2] Failed to access get /api/ads/: code 400 (BAD REQUEST) (Request failed with status code 400)."}
{"level":"error","message":"Error while initializing bots: API error."}
{"level":"error","message":"[2] Failed to access get /api/ads/: code 400 (BAD REQUEST) (Request failed with status code 400)."}
{"level":"error","message":"Error while initializing bots: API error."}
{"level":"error","message":"[2] Failed to access get /api/ads/: code 400 (BAD REQUEST) (Request failed with status code 400)."}
{"level":"error","message":"Error while initializing bots: API error."}
{"level":"error","message":"[2] Failed to access get /api/ads/: code 400 (BAD REQUEST) (Request failed with status code 400)."}
{"level":"error","message":"Error while initializing bots: API error."}
{"level":"error","message":"[2] Failed to access get /api/ads/: code 400 (BAD REQUEST) (Request failed with status code 400)."}
{"level":"error","message":"Error while initializing bots: API error."}
{"level":"error","message":"[2] Failed to access get /api/ads/: code 400 (BAD REQUEST) (Request failed with status code 400)."}
{"level":"error","message":"Error while initializing bots: API error."}
